2024-11-30 13:47:29,020 ---------------------Cfg is set as follow--------------------
2024-11-30 13:47:29,020 {'dataset': {'dataset_name': 'CREMA-D', 'data_root': '/data/php_code/data_processing/CREMA', 'open_root': ''}, 'visual': {'name': 'resnet18', 'freeze': False, 'pretrain': False, 'hidden_dim': 512}, 'text': {'name': 'resnet18'}, 'loss': {'type': 'CrossEntropy'}, 'neck': {'type': 'Concat'}, 'head': {'type': 'MLP', 'hidden_dims_lst': [256, 256, 256], 'bias': True}, 'network': {'pretrained': False, 'pretrained_model': ''}, 'train': {'epoch_dict': 200, 'batch_size': 64, 'div': 1, 'distribution': 'gaussian', 'disturb': 'backbone', 'max_epoch': 50, 'cifar_imb_ratio': 0.1, 'distributed': False, 'stage': 30, 'random_times': 1, 'direct_ave': False, 'num_workers': 8, 'shuffle': True, 'local_rank': 0, 'sampler': 'IS', 'optimizer': {'type': 'SGD', 'lr': 0.0001, 'lr_cls': 0.1, 'lr_hyper': 0.1, 'momentum': 0.9, 'wc': 0.0001}, 'lr_scheduler': {'type': 'warmup', 'lr_step': [160, 180], 'lr_factor': 0.1, 'warmup_epoch': 2, 'cosine_decay_end': 0, 'patience': 70}, 'two_stage': {'drw': False, 'drs': False, 'start_epoch': 1}, 'tensorboard': {'enable': True}, 'mixup_alpha': 1.0, 'flat_ratio': 0.3, 'noise_ratio': 1e-10, 'noise_ratio_cls': 1e-10, 'temperature1': 0.4}, 'test': {'batch_size': 64, 'exp_id': '', 'resume_head': '', 'num_workers': 8, 'error': 0.1, 'lamda': 1000}, 'setting': {'type': 'CREMA Classification', 'num_class': 6, 'num_layers': 10}, 'eval_mode': False, 'output_dir': '', 'save_dir': '', 'seed': 0, 'use_gpu': True, 'gpu_id': '5', 'resume_model': '', 'resume_mode': 'all', 'valid_step': 5, 'pin_memory': True, 'save_fre': 10, 'print_inteval': 500, 'debug': False, 'variance': 0.0001, 'image_res': 224, 'fps': 1}
2024-11-30 13:47:29,020 -------------------------------------------------------------
2024-11-30 13:47:30,102 Epoch 0 is pending...
2024-11-30 13:48:08,670 +++++++++++++++++++++++++++++++++++++++++++++++++++++++
2024-11-30 13:48:08,670 Epoch 0: Average Training Loss:4.046
2024-11-30 13:48:13,032 +++++++++++++++++++++++++++++++++++++++++++++++++++++++
2024-11-30 13:48:13,032 Epoch 0: f1:0.8258,acc:0.8212,mAP:0.8763,f1_a:0.6865,acc_a:0.6828,mAP_a:0.7438,f1_v:0.6423,acc_v:0.6465,mAP_v:0.7475
2024-11-30 13:48:13,033 Find a better model and save it!
2024-11-30 13:48:13,745 Epoch 1 is pending...
2024-11-30 13:48:50,007 +++++++++++++++++++++++++++++++++++++++++++++++++++++++
2024-11-30 13:48:50,007 Epoch 1: Average Training Loss:3.101
2024-11-30 13:48:54,241 +++++++++++++++++++++++++++++++++++++++++++++++++++++++
2024-11-30 13:48:54,241 Epoch 1: f1:0.8185,acc:0.8145,mAP:0.8748,f1_a:0.6850,acc_a:0.6828,mAP_a:0.7444,f1_v:0.6497,acc_v:0.6519,mAP_v:0.7472
2024-11-30 13:48:54,242 Epoch 2 is pending...
2024-11-30 13:49:29,991 +++++++++++++++++++++++++++++++++++++++++++++++++++++++
2024-11-30 13:49:29,991 Epoch 2: Average Training Loss:2.274
2024-11-30 13:49:34,172 +++++++++++++++++++++++++++++++++++++++++++++++++++++++
2024-11-30 13:49:34,172 Epoch 2: f1:0.8195,acc:0.8145,mAP:0.8763,f1_a:0.6863,acc_a:0.6828,mAP_a:0.7429,f1_v:0.6471,acc_v:0.6492,mAP_v:0.7475
2024-11-30 13:49:34,173 Epoch 3 is pending...
2024-11-30 13:50:10,170 +++++++++++++++++++++++++++++++++++++++++++++++++++++++
2024-11-30 13:50:10,170 Epoch 3: Average Training Loss:1.675
2024-11-30 13:50:14,279 +++++++++++++++++++++++++++++++++++++++++++++++++++++++
2024-11-30 13:50:14,279 Epoch 3: f1:0.8132,acc:0.8078,mAP:0.8748,f1_a:0.6842,acc_a:0.6815,mAP_a:0.7428,f1_v:0.6494,acc_v:0.6505,mAP_v:0.7472
2024-11-30 13:50:14,279 Epoch 4 is pending...
2024-11-30 13:50:50,789 +++++++++++++++++++++++++++++++++++++++++++++++++++++++
2024-11-30 13:50:50,790 Epoch 4: Average Training Loss:1.238
2024-11-30 13:50:55,118 +++++++++++++++++++++++++++++++++++++++++++++++++++++++
2024-11-30 13:50:55,118 Epoch 4: f1:0.8194,acc:0.8145,mAP:0.8757,f1_a:0.6853,acc_a:0.6828,mAP_a:0.7444,f1_v:0.6434,acc_v:0.6452,mAP_v:0.7472
2024-11-30 13:50:55,118 Epoch 5 is pending...
2024-11-30 13:51:30,802 +++++++++++++++++++++++++++++++++++++++++++++++++++++++
2024-11-30 13:51:30,802 Epoch 5: Average Training Loss:0.916
2024-11-30 13:51:35,197 +++++++++++++++++++++++++++++++++++++++++++++++++++++++
2024-11-30 13:51:35,197 Epoch 5: f1:0.8240,acc:0.8199,mAP:0.8765,f1_a:0.6850,acc_a:0.6828,mAP_a:0.7439,f1_v:0.6488,acc_v:0.6505,mAP_v:0.7471
2024-11-30 13:51:35,197 Epoch 6 is pending...
2024-11-30 13:52:11,326 +++++++++++++++++++++++++++++++++++++++++++++++++++++++
2024-11-30 13:52:11,326 Epoch 6: Average Training Loss:0.679
2024-11-30 13:52:15,512 +++++++++++++++++++++++++++++++++++++++++++++++++++++++
2024-11-30 13:52:15,512 Epoch 6: f1:0.8171,acc:0.8132,mAP:0.8776,f1_a:0.6850,acc_a:0.6828,mAP_a:0.7434,f1_v:0.6504,acc_v:0.6532,mAP_v:0.7455
2024-11-30 13:52:15,512 Epoch 7 is pending...
2024-11-30 13:52:51,570 +++++++++++++++++++++++++++++++++++++++++++++++++++++++
2024-11-30 13:52:51,570 Epoch 7: Average Training Loss:0.503
2024-11-30 13:52:55,717 +++++++++++++++++++++++++++++++++++++++++++++++++++++++
2024-11-30 13:52:55,717 Epoch 7: f1:0.8174,acc:0.8118,mAP:0.8772,f1_a:0.6873,acc_a:0.6828,mAP_a:0.7434,f1_v:0.6502,acc_v:0.6532,mAP_v:0.7465
2024-11-30 13:52:55,718 Epoch 8 is pending...
2024-11-30 13:53:31,822 +++++++++++++++++++++++++++++++++++++++++++++++++++++++
2024-11-30 13:53:31,823 Epoch 8: Average Training Loss:0.374
2024-11-30 13:53:36,250 +++++++++++++++++++++++++++++++++++++++++++++++++++++++
2024-11-30 13:53:36,251 Epoch 8: f1:0.8276,acc:0.8226,mAP:0.8784,f1_a:0.6854,acc_a:0.6815,mAP_a:0.7435,f1_v:0.6432,acc_v:0.6465,mAP_v:0.7460
2024-11-30 13:53:36,251 Find a better model and save it!
2024-11-30 13:53:36,972 Epoch 9 is pending...
2024-11-30 13:54:13,224 +++++++++++++++++++++++++++++++++++++++++++++++++++++++
2024-11-30 13:54:13,224 Epoch 9: Average Training Loss:0.279
2024-11-30 13:54:17,674 +++++++++++++++++++++++++++++++++++++++++++++++++++++++
2024-11-30 13:54:17,674 Epoch 9: f1:0.8211,acc:0.8159,mAP:0.8766,f1_a:0.6933,acc_a:0.6895,mAP_a:0.7448,f1_v:0.6434,acc_v:0.6465,mAP_v:0.7479
2024-11-30 13:54:17,675 Epoch 10 is pending...
2024-11-30 13:54:53,587 +++++++++++++++++++++++++++++++++++++++++++++++++++++++
2024-11-30 13:54:53,587 Epoch 10: Average Training Loss:0.210
2024-11-30 13:54:57,960 +++++++++++++++++++++++++++++++++++++++++++++++++++++++
2024-11-30 13:54:57,960 Epoch 10: f1:0.8163,acc:0.8118,mAP:0.8775,f1_a:0.6856,acc_a:0.6828,mAP_a:0.7434,f1_v:0.6462,acc_v:0.6478,mAP_v:0.7472
2024-11-30 13:54:57,960 Epoch 11 is pending...
2024-11-30 13:55:33,994 +++++++++++++++++++++++++++++++++++++++++++++++++++++++
2024-11-30 13:55:33,995 Epoch 11: Average Training Loss:0.209
2024-11-30 13:55:38,330 +++++++++++++++++++++++++++++++++++++++++++++++++++++++
2024-11-30 13:55:38,330 Epoch 11: f1:0.8240,acc:0.8199,mAP:0.8787,f1_a:0.6842,acc_a:0.6815,mAP_a:0.7434,f1_v:0.6501,acc_v:0.6519,mAP_v:0.7485
2024-11-30 13:55:38,330 Epoch 12 is pending...
2024-11-30 13:56:14,381 +++++++++++++++++++++++++++++++++++++++++++++++++++++++
2024-11-30 13:56:14,382 Epoch 12: Average Training Loss:0.209
2024-11-30 13:56:18,750 +++++++++++++++++++++++++++++++++++++++++++++++++++++++
2024-11-30 13:56:18,750 Epoch 12: f1:0.8198,acc:0.8159,mAP:0.8762,f1_a:0.6849,acc_a:0.6828,mAP_a:0.7440,f1_v:0.6401,acc_v:0.6411,mAP_v:0.7461
2024-11-30 13:56:18,750 Epoch 13 is pending...
2024-11-30 13:56:54,719 +++++++++++++++++++++++++++++++++++++++++++++++++++++++
2024-11-30 13:56:54,720 Epoch 13: Average Training Loss:0.209
2024-11-30 13:56:59,005 +++++++++++++++++++++++++++++++++++++++++++++++++++++++
2024-11-30 13:56:59,005 Epoch 13: f1:0.8205,acc:0.8145,mAP:0.8770,f1_a:0.6826,acc_a:0.6788,mAP_a:0.7443,f1_v:0.6422,acc_v:0.6438,mAP_v:0.7469
2024-11-30 13:56:59,005 Epoch 14 is pending...
2024-11-30 13:57:35,531 +++++++++++++++++++++++++++++++++++++++++++++++++++++++
2024-11-30 13:57:35,531 Epoch 14: Average Training Loss:0.209
2024-11-30 13:57:40,021 +++++++++++++++++++++++++++++++++++++++++++++++++++++++
2024-11-30 13:57:40,021 Epoch 14: f1:0.8245,acc:0.8199,mAP:0.8771,f1_a:0.6865,acc_a:0.6841,mAP_a:0.7455,f1_v:0.6460,acc_v:0.6478,mAP_v:0.7464
2024-11-30 13:57:40,021 Epoch 15 is pending...
2024-11-30 13:58:16,602 +++++++++++++++++++++++++++++++++++++++++++++++++++++++
2024-11-30 13:58:16,602 Epoch 15: Average Training Loss:0.209
2024-11-30 13:58:20,959 +++++++++++++++++++++++++++++++++++++++++++++++++++++++
2024-11-30 13:58:20,959 Epoch 15: f1:0.8228,acc:0.8172,mAP:0.8780,f1_a:0.6833,acc_a:0.6801,mAP_a:0.7447,f1_v:0.6436,acc_v:0.6465,mAP_v:0.7482
2024-11-30 13:58:20,959 Epoch 16 is pending...
2024-11-30 13:58:57,416 +++++++++++++++++++++++++++++++++++++++++++++++++++++++
2024-11-30 13:58:57,417 Epoch 16: Average Training Loss:0.208
2024-11-30 13:59:01,702 +++++++++++++++++++++++++++++++++++++++++++++++++++++++
2024-11-30 13:59:01,702 Epoch 16: f1:0.8270,acc:0.8226,mAP:0.8772,f1_a:0.6819,acc_a:0.6788,mAP_a:0.7434,f1_v:0.6482,acc_v:0.6505,mAP_v:0.7478
2024-11-30 13:59:01,702 Epoch 17 is pending...
