2024-11-30 13:36:11,541 ---------------------Cfg is set as follow--------------------
2024-11-30 13:36:11,541 {'dataset': {'dataset_name': 'CREMA-D', 'data_root': '/data/php_code/data_processing/CREMA', 'open_root': ''}, 'visual': {'name': 'resnet18', 'freeze': False, 'pretrain': False, 'hidden_dim': 512}, 'text': {'name': 'resnet18'}, 'loss': {'type': 'CrossEntropy'}, 'neck': {'type': 'Concat'}, 'head': {'type': 'MLP', 'hidden_dims_lst': [256, 256, 256], 'bias': True}, 'network': {'pretrained': False, 'pretrained_model': ''}, 'train': {'epoch_dict': 200, 'batch_size': 64, 'div': 1, 'distribution': 'gaussian', 'disturb': 'backbone', 'max_epoch': 50, 'cifar_imb_ratio': 0.1, 'distributed': False, 'stage': 30, 'random_times': 1, 'direct_ave': False, 'num_workers': 8, 'shuffle': True, 'local_rank': 0, 'sampler': 'IS', 'optimizer': {'type': 'SGD', 'lr': 0.0001, 'lr_cls': 0.1, 'lr_hyper': 0.1, 'momentum': 0.9, 'wc': 0.0001}, 'lr_scheduler': {'type': 'warmup', 'lr_step': [160, 180], 'lr_factor': 0.1, 'warmup_epoch': 2, 'cosine_decay_end': 0, 'patience': 70}, 'two_stage': {'drw': False, 'drs': False, 'start_epoch': 1}, 'tensorboard': {'enable': True}, 'mixup_alpha': 1.0, 'flat_ratio': 0.3, 'noise_ratio': 1e-10, 'noise_ratio_cls': 1e-10, 'temperature1': 0.4}, 'test': {'batch_size': 64, 'exp_id': '', 'resume_head': '', 'num_workers': 8, 'error': 0.1, 'lamda': 1000}, 'setting': {'type': 'CREMA Classification', 'num_class': 6, 'num_layers': 10}, 'eval_mode': False, 'output_dir': '', 'save_dir': '', 'seed': 0, 'use_gpu': True, 'gpu_id': '5', 'resume_model': '', 'resume_mode': 'all', 'valid_step': 5, 'pin_memory': True, 'save_fre': 10, 'print_inteval': 500, 'debug': False, 'variance': 0.0001, 'image_res': 224, 'fps': 1}
2024-11-30 13:36:11,542 -------------------------------------------------------------
2024-11-30 13:36:12,625 Epoch 0 is pending...
2024-11-30 13:36:51,555 +++++++++++++++++++++++++++++++++++++++++++++++++++++++
2024-11-30 13:36:51,555 Epoch 0: Average Training Loss:0.222
2024-11-30 13:36:55,743 +++++++++++++++++++++++++++++++++++++++++++++++++++++++
2024-11-30 13:36:55,744 Epoch 0: f1:0.8272,acc:0.8226,mAP:0.8763,f1_a:0.6851,acc_a:0.6815,mAP_a:0.7446,f1_v:0.6479,acc_v:0.6519,mAP_v:0.7468
2024-11-30 13:36:55,744 Find a better model and save it!
2024-11-30 13:36:56,490 Epoch 1 is pending...
2024-11-30 13:37:32,438 +++++++++++++++++++++++++++++++++++++++++++++++++++++++
2024-11-30 13:37:32,438 Epoch 1: Average Training Loss:1.115
2024-11-30 13:37:36,581 +++++++++++++++++++++++++++++++++++++++++++++++++++++++
2024-11-30 13:37:36,581 Epoch 1: f1:0.8175,acc:0.8132,mAP:0.8735,f1_a:0.6852,acc_a:0.6828,mAP_a:0.7448,f1_v:0.6530,acc_v:0.6559,mAP_v:0.7474
2024-11-30 13:37:36,582 Epoch 2 is pending...
2024-11-30 13:38:12,810 +++++++++++++++++++++++++++++++++++++++++++++++++++++++
2024-11-30 13:38:12,810 Epoch 2: Average Training Loss:1.919
2024-11-30 13:38:17,036 +++++++++++++++++++++++++++++++++++++++++++++++++++++++
2024-11-30 13:38:17,036 Epoch 2: f1:0.8209,acc:0.8159,mAP:0.8753,f1_a:0.6849,acc_a:0.6815,mAP_a:0.7442,f1_v:0.6514,acc_v:0.6532,mAP_v:0.7466
2024-11-30 13:38:17,037 Epoch 3 is pending...
2024-11-30 13:38:52,927 +++++++++++++++++++++++++++++++++++++++++++++++++++++++
2024-11-30 13:38:52,928 Epoch 3: Average Training Loss:2.497
2024-11-30 13:38:57,337 +++++++++++++++++++++++++++++++++++++++++++++++++++++++
2024-11-30 13:38:57,337 Epoch 3: f1:0.8208,acc:0.8159,mAP:0.8741,f1_a:0.6843,acc_a:0.6815,mAP_a:0.7441,f1_v:0.6416,acc_v:0.6425,mAP_v:0.7469
2024-11-30 13:38:57,337 Epoch 4 is pending...
2024-11-30 13:39:33,303 +++++++++++++++++++++++++++++++++++++++++++++++++++++++
2024-11-30 13:39:33,304 Epoch 4: Average Training Loss:2.908
2024-11-30 13:39:37,511 +++++++++++++++++++++++++++++++++++++++++++++++++++++++
2024-11-30 13:39:37,511 Epoch 4: f1:0.8165,acc:0.8118,mAP:0.8750,f1_a:0.6866,acc_a:0.6841,mAP_a:0.7445,f1_v:0.6438,acc_v:0.6452,mAP_v:0.7470
2024-11-30 13:39:37,512 Epoch 5 is pending...
2024-11-30 13:40:13,341 +++++++++++++++++++++++++++++++++++++++++++++++++++++++
2024-11-30 13:40:13,342 Epoch 5: Average Training Loss:3.197
2024-11-30 13:40:17,501 +++++++++++++++++++++++++++++++++++++++++++++++++++++++
2024-11-30 13:40:17,501 Epoch 5: f1:0.8225,acc:0.8185,mAP:0.8761,f1_a:0.6852,acc_a:0.6828,mAP_a:0.7434,f1_v:0.6467,acc_v:0.6492,mAP_v:0.7468
2024-11-30 13:40:17,501 Epoch 6 is pending...
2024-11-30 13:40:53,447 +++++++++++++++++++++++++++++++++++++++++++++++++++++++
2024-11-30 13:40:53,447 Epoch 6: Average Training Loss:3.399
2024-11-30 13:40:57,631 +++++++++++++++++++++++++++++++++++++++++++++++++++++++
2024-11-30 13:40:57,631 Epoch 6: f1:0.8171,acc:0.8132,mAP:0.8775,f1_a:0.6876,acc_a:0.6855,mAP_a:0.7426,f1_v:0.6499,acc_v:0.6532,mAP_v:0.7449
2024-11-30 13:40:57,632 Epoch 7 is pending...
2024-11-30 13:41:33,715 +++++++++++++++++++++++++++++++++++++++++++++++++++++++
2024-11-30 13:41:33,715 Epoch 7: Average Training Loss:3.529
2024-11-30 13:41:37,917 +++++++++++++++++++++++++++++++++++++++++++++++++++++++
2024-11-30 13:41:37,917 Epoch 7: f1:0.8149,acc:0.8091,mAP:0.8771,f1_a:0.6824,acc_a:0.6774,mAP_a:0.7433,f1_v:0.6484,acc_v:0.6505,mAP_v:0.7459
2024-11-30 13:41:37,917 Epoch 8 is pending...
2024-11-30 13:42:13,809 +++++++++++++++++++++++++++++++++++++++++++++++++++++++
2024-11-30 13:42:13,809 Epoch 8: Average Training Loss:3.617
2024-11-30 13:42:18,069 +++++++++++++++++++++++++++++++++++++++++++++++++++++++
2024-11-30 13:42:18,069 Epoch 8: f1:0.8185,acc:0.8132,mAP:0.8783,f1_a:0.6913,acc_a:0.6868,mAP_a:0.7442,f1_v:0.6408,acc_v:0.6438,mAP_v:0.7456
2024-11-30 13:42:18,069 Epoch 9 is pending...
2024-11-30 13:42:53,738 +++++++++++++++++++++++++++++++++++++++++++++++++++++++
2024-11-30 13:42:53,738 Epoch 9: Average Training Loss:3.674
2024-11-30 13:42:57,911 +++++++++++++++++++++++++++++++++++++++++++++++++++++++
2024-11-30 13:42:57,912 Epoch 9: f1:0.8151,acc:0.8091,mAP:0.8771,f1_a:0.6868,acc_a:0.6828,mAP_a:0.7459,f1_v:0.6461,acc_v:0.6478,mAP_v:0.7472
2024-11-30 13:42:57,912 Epoch 10 is pending...
2024-11-30 13:43:33,927 +++++++++++++++++++++++++++++++++++++++++++++++++++++++
2024-11-30 13:43:33,928 Epoch 10: Average Training Loss:3.703
2024-11-30 13:43:38,166 +++++++++++++++++++++++++++++++++++++++++++++++++++++++
2024-11-30 13:43:38,166 Epoch 10: f1:0.8201,acc:0.8145,mAP:0.8775,f1_a:0.6917,acc_a:0.6882,mAP_a:0.7445,f1_v:0.6385,acc_v:0.6398,mAP_v:0.7453
2024-11-30 13:43:38,167 Epoch 11 is pending...
2024-11-30 13:44:14,360 +++++++++++++++++++++++++++++++++++++++++++++++++++++++
2024-11-30 13:44:14,360 Epoch 11: Average Training Loss:3.668
2024-11-30 13:44:18,548 +++++++++++++++++++++++++++++++++++++++++++++++++++++++
2024-11-30 13:44:18,548 Epoch 11: f1:0.8183,acc:0.8132,mAP:0.8786,f1_a:0.6850,acc_a:0.6815,mAP_a:0.7461,f1_v:0.6389,acc_v:0.6411,mAP_v:0.7465
2024-11-30 13:44:18,548 Epoch 12 is pending...
2024-11-30 13:44:54,399 +++++++++++++++++++++++++++++++++++++++++++++++++++++++
2024-11-30 13:44:54,400 Epoch 12: Average Training Loss:3.623
2024-11-30 13:44:58,643 +++++++++++++++++++++++++++++++++++++++++++++++++++++++
2024-11-30 13:44:58,643 Epoch 12: f1:0.8162,acc:0.8118,mAP:0.8755,f1_a:0.6874,acc_a:0.6841,mAP_a:0.7457,f1_v:0.6338,acc_v:0.6331,mAP_v:0.7440
2024-11-30 13:44:58,644 Epoch 13 is pending...
2024-11-30 13:45:34,696 +++++++++++++++++++++++++++++++++++++++++++++++++++++++
2024-11-30 13:45:34,696 Epoch 13: Average Training Loss:3.597
2024-11-30 13:45:39,034 +++++++++++++++++++++++++++++++++++++++++++++++++++++++
2024-11-30 13:45:39,034 Epoch 13: f1:0.8116,acc:0.8051,mAP:0.8762,f1_a:0.6893,acc_a:0.6841,mAP_a:0.7461,f1_v:0.6450,acc_v:0.6438,mAP_v:0.7425
2024-11-30 13:45:39,034 Epoch 14 is pending...
2024-11-30 13:46:15,054 +++++++++++++++++++++++++++++++++++++++++++++++++++++++
2024-11-30 13:46:15,054 Epoch 14: Average Training Loss:3.564
2024-11-30 13:46:19,280 +++++++++++++++++++++++++++++++++++++++++++++++++++++++
2024-11-30 13:46:19,280 Epoch 14: f1:0.8171,acc:0.8118,mAP:0.8756,f1_a:0.6887,acc_a:0.6855,mAP_a:0.7470,f1_v:0.6354,acc_v:0.6344,mAP_v:0.7418
2024-11-30 13:46:19,280 Epoch 15 is pending...
2024-11-30 13:46:55,325 +++++++++++++++++++++++++++++++++++++++++++++++++++++++
2024-11-30 13:46:55,325 Epoch 15: Average Training Loss:3.536
2024-11-30 13:46:59,490 +++++++++++++++++++++++++++++++++++++++++++++++++++++++
2024-11-30 13:46:59,491 Epoch 15: f1:0.8143,acc:0.8078,mAP:0.8760,f1_a:0.6897,acc_a:0.6855,mAP_a:0.7461,f1_v:0.6363,acc_v:0.6371,mAP_v:0.7413
2024-11-30 13:46:59,491 Epoch 16 is pending...
